1769571062.688518 client started (7161): version 3.4, socket /tmp/tmux-1000/default, protocol 8
1769571062.688789 on Linux 5.15.133.1-microsoft-standard-WSL2 #1 SMP Thu Oct 5 21:02:42 UTC 2023
1769571062.688912 using libevent 2.1.12-stable poll
1769571062.689042 using ncurses 6.4 20240113
1769571062.689230 flags are 0x18010000
1769571062.689470 socket is /tmp/tmux-1000/default
1769571062.689671 trying connect
1769571062.689819 connect failed: No such file or directory
1769571062.689953 lock file is /tmp/tmux-1000/default.lock
1769571062.690217 flock succeeded
1769571062.690365 got lock (6)
1769571062.690605 trying connect
1769571062.690754 connect failed: No such file or directory
1769571062.691027 add peer 0x55b55c489980: 7 ((nil))
1769571062.691728 sending message 100 to peer 0x55b55c489980 (4 bytes)
1769571062.691868 sending message 111 to peer 0x55b55c489980 (8 bytes)
1769571062.691988 sending message 101 to peer 0x55b55c489980 (15 bytes)
1769571062.692113 sending message 109 to peer 0x55b55c489980 (4 bytes)
1769571062.692251 sending message 102 to peer 0x55b55c489980 (11 bytes)
1769571062.692372 sending message 108 to peer 0x55b55c489980 (31 bytes)
1769571062.692491 sending message 112 to peer 0x55b55c489980 (58 bytes)
1769571062.692613 sending message 112 to peer 0x55b55c489980 (5 bytes)
1769571062.692732 sending message 112 to peer 0x55b55c489980 (5 bytes)
1769571062.692856 sending message 112 to peer 0x55b55c489980 (6 bytes)
1769571062.692974 sending message 112 to peer 0x55b55c489980 (6 bytes)
1769571062.693083 sending message 112 to peer 0x55b55c489980 (11 bytes)
1769571062.693201 sending message 112 to peer 0x55b55c489980 (10 bytes)
1769571062.693329 sending message 112 to peer 0x55b55c489980 (13 bytes)
1769571062.693440 sending message 112 to peer 0x55b55c489980 (14 bytes)
1769571062.693557 sending message 112 to peer 0x55b55c489980 (19 bytes)
1769571062.695015 sending message 112 to peer 0x55b55c489980 (11 bytes)
1769571062.695153 sending message 112 to peer 0x55b55c489980 (10 bytes)
1769571062.695291 sending message 112 to peer 0x55b55c489980 (15 bytes)
1769571062.695452 sending message 112 to peer 0x55b55c489980 (21 bytes)
1769571062.695591 sending message 112 to peer 0x55b55c489980 (13 bytes)
1769571062.695732 sending message 112 to peer 0x55b55c489980 (7 bytes)
1769571062.695874 sending message 112 to peer 0x55b55c489980 (13 bytes)
1769571062.696039 sending message 112 to peer 0x55b55c489980 (7 bytes)
1769571062.696200 sending message 112 to peer 0x55b55c489980 (13 bytes)
1769571062.696331 sending message 112 to peer 0x55b55c489980 (9 bytes)
1769571062.696438 sending message 112 to peer 0x55b55c489980 (21 bytes)
1769571062.696556 sending message 112 to peer 0x55b55c489980 (13 bytes)
1769571062.696664 sending message 112 to peer 0x55b55c489980 (9 bytes)
1769571062.696792 sending message 112 to peer 0x55b55c489980 (16 bytes)
1769571062.696945 sending message 112 to peer 0x55b55c489980 (13 bytes)
1769571062.697095 sending message 112 to peer 0x55b55c489980 (9 bytes)
1769571062.697239 sending message 112 to peer 0x55b55c489980 (9 bytes)
1769571062.697395 sending message 112 to peer 0x55b55c489980 (12 bytes)
1769571062.697540 sending message 112 to peer 0x55b55c489980 (8 bytes)
1769571062.697686 sending message 112 to peer 0x55b55c489980 (8 bytes)
1769571062.697837 sending message 112 to peer 0x55b55c489980 (13 bytes)
1769571062.698096 sending message 112 to peer 0x55b55c489980 (7 bytes)
1769571062.699794 sending message 112 to peer 0x55b55c489980 (7 bytes)
1769571062.699927 sending message 112 to peer 0x55b55c489980 (9 bytes)
1769571062.700052 sending message 112 to peer 0x55b55c489980 (9 bytes)
1769571062.700180 sending message 112 to peer 0x55b55c489980 (15 bytes)
1769571062.700305 sending message 112 to peer 0x55b55c489980 (13 bytes)
1769571062.700428 sending message 112 to peer 0x55b55c489980 (12 bytes)
1769571062.700543 sending message 112 to peer 0x55b55c489980 (8 bytes)
1769571062.700667 sending message 112 to peer 0x55b55c489980 (14 bytes)
1769571062.700880 sending message 112 to peer 0x55b55c489980 (11 bytes)
1769571062.701034 sending message 112 to peer 0x55b55c489980 (9 bytes)
1769571062.701160 sending message 112 to peer 0x55b55c489980 (10 bytes)
1769571062.701282 sending message 112 to peer 0x55b55c489980 (10 bytes)
1769571062.701404 sending message 112 to peer 0x55b55c489980 (10 bytes)
1769571062.701525 sending message 112 to peer 0x55b55c489980 (10 bytes)
1769571062.701647 sending message 112 to peer 0x55b55c489980 (11 bytes)
1769571062.701769 sending message 112 to peer 0x55b55c489980 (12 bytes)
1769571062.701890 sending message 112 to peer 0x55b55c489980 (12 bytes)
1769571062.702011 sending message 112 to peer 0x55b55c489980 (12 bytes)
1769571062.702133 sending message 112 to peer 0x55b55c489980 (12 bytes)
1769571062.702259 sending message 112 to peer 0x55b55c489980 (12 bytes)
1769571062.702375 sending message 112 to peer 0x55b55c489980 (11 bytes)
1769571062.702514 sending message 112 to peer 0x55b55c489980 (11 bytes)
1769571062.702653 sending message 112 to peer 0x55b55c489980 (12 bytes)
1769571062.702792 sending message 112 to peer 0x55b55c489980 (12 bytes)
1769571062.702927 sending message 112 to peer 0x55b55c489980 (12 bytes)
1769571062.703050 sending message 112 to peer 0x55b55c489980 (12 bytes)
1769571062.703179 sending message 112 to peer 0x55b55c489980 (12 bytes)
1769571062.703308 sending message 112 to peer 0x55b55c489980 (9 bytes)
1769571062.703436 sending message 112 to peer 0x55b55c489980 (12 bytes)
1769571062.703557 sending message 112 to peer 0x55b55c489980 (13 bytes)
1769571062.703681 sending message 112 to peer 0x55b55c489980 (13 bytes)
1769571062.703813 sending message 112 to peer 0x55b55c489980 (13 bytes)
1769571062.703935 sending message 112 to peer 0x55b55c489980 (13 bytes)
1769571062.704055 sending message 112 to peer 0x55b55c489980 (13 bytes)
1769571062.704172 sending message 112 to peer 0x55b55c489980 (8 bytes)
1769571062.704296 sending message 112 to peer 0x55b55c489980 (11 bytes)
1769571062.704415 sending message 112 to peer 0x55b55c489980 (11 bytes)
1769571062.704533 sending message 112 to peer 0x55b55c489980 (11 bytes)
1769571062.704655 sending message 112 to peer 0x55b55c489980 (12 bytes)
1769571062.704775 sending message 112 to peer 0x55b55c489980 (12 bytes)
1769571062.704886 sending message 112 to peer 0x55b55c489980 (12 bytes)
1769571062.705004 sending message 112 to peer 0x55b55c489980 (12 bytes)
1769571062.705126 sending message 112 to peer 0x55b55c489980 (13 bytes)
1769571062.705245 sending message 112 to peer 0x55b55c489980 (13 bytes)
1769571062.705367 sending message 112 to peer 0x55b55c489980 (13 bytes)
1769571062.705487 sending message 112 to peer 0x55b55c489980 (8 bytes)
1769571062.705606 sending message 112 to peer 0x55b55c489980 (13 bytes)
1769571062.705720 sending message 112 to peer 0x55b55c489980 (13 bytes)
1769571062.705840 sending message 112 to peer 0x55b55c489980 (13 bytes)
1769571062.705955 sending message 112 to peer 0x55b55c489980 (13 bytes)
1769571062.706064 sending message 112 to peer 0x55b55c489980 (13 bytes)
1769571062.706177 sending message 112 to peer 0x55b55c489980 (12 bytes)
1769571062.706291 sending message 112 to peer 0x55b55c489980 (12 bytes)
1769571062.706403 sending message 112 to peer 0x55b55c489980 (12 bytes)
1769571062.706515 sending message 112 to peer 0x55b55c489980 (12 bytes)
1769571062.706694 sending message 112 to peer 0x55b55c489980 (13 bytes)
1769571062.706812 sending message 112 to peer 0x55b55c489980 (8 bytes)
1769571062.706946 sending message 112 to peer 0x55b55c489980 (13 bytes)
1769571062.707076 sending message 112 to peer 0x55b55c489980 (13 bytes)
1769571062.707204 sending message 112 to peer 0x55b55c489980 (13 bytes)
1769571062.707320 sending message 112 to peer 0x55b55c489980 (13 bytes)
1769571062.707435 sending message 112 to peer 0x55b55c489980 (13 bytes)
1769571062.707548 sending message 112 to peer 0x55b55c489980 (13 bytes)
1769571062.707662 sending message 112 to peer 0x55b55c489980 (13 bytes)
1769571062.707775 sending message 112 to peer 0x55b55c489980 (12 bytes)
1769571062.707889 sending message 112 to peer 0x55b55c489980 (12 bytes)
1769571062.708019 sending message 112 to peer 0x55b55c489980 (12 bytes)
1769571062.708134 sending message 112 to peer 0x55b55c489980 (8 bytes)
1769571062.708258 sending message 112 to peer 0x55b55c489980 (12 bytes)
1769571062.708384 sending message 112 to peer 0x55b55c489980 (13 bytes)
1769571062.708496 sending message 112 to peer 0x55b55c489980 (13 bytes)
1769571062.708627 sending message 112 to peer 0x55b55c489980 (13 bytes)
1769571062.708735 sending message 112 to peer 0x55b55c489980 (13 bytes)
1769571062.708858 sending message 112 to peer 0x55b55c489980 (13 bytes)
1769571062.708989 sending message 112 to peer 0x55b55c489980 (13 bytes)
1769571062.709131 sending message 112 to peer 0x55b55c489980 (13 bytes)
1769571062.709271 sending message 112 to peer 0x55b55c489980 (13 bytes)
1769571062.709467 sending message 112 to peer 0x55b55c489980 (12 bytes)
1769571062.709610 sending message 112 to peer 0x55b55c489980 (10 bytes)
1769571062.709735 sending message 112 to peer 0x55b55c489980 (12 bytes)
1769571062.709865 sending message 112 to peer 0x55b55c489980 (12 bytes)
1769571062.710029 sending message 112 to peer 0x55b55c489980 (12 bytes)
1769571062.710165 sending message 112 to peer 0x55b55c489980 (13 bytes)
1769571062.710310 sending message 112 to peer 0x55b55c489980 (13 bytes)
1769571062.710460 sending message 112 to peer 0x55b55c489980 (13 bytes)
1769571062.710595 sending message 112 to peer 0x55b55c489980 (13 bytes)
1769571062.710734 sending message 112 to peer 0x55b55c489980 (13 bytes)
1769571062.710868 sending message 112 to peer 0x55b55c489980 (13 bytes)
1769571062.711124 sending message 112 to peer 0x55b55c489980 (13 bytes)
1769571062.711388 sending message 112 to peer 0x55b55c489980 (10 bytes)
1769571062.711535 sending message 112 to peer 0x55b55c489980 (13 bytes)
1769571062.711686 sending message 112 to peer 0x55b55c489980 (12 bytes)
1769571062.711834 sending message 112 to peer 0x55b55c489980 (12 bytes)
1769571062.712012 sending message 112 to peer 0x55b55c489980 (12 bytes)
1769571062.712163 sending message 112 to peer 0x55b55c489980 (10 bytes)
1769571062.712324 sending message 112 to peer 0x55b55c489980 (10 bytes)
1769571062.712457 sending message 112 to peer 0x55b55c489980 (10 bytes)
1769571062.712625 sending message 112 to peer 0x55b55c489980 (12 bytes)
1769571062.712765 sending message 112 to peer 0x55b55c489980 (13 bytes)
1769571062.712894 sending message 112 to peer 0x55b55c489980 (13 bytes)
1769571062.713055 sending message 112 to peer 0x55b55c489980 (13 bytes)
1769571062.713197 sending message 112 to peer 0x55b55c489980 (13 bytes)
1769571062.713354 sending message 112 to peer 0x55b55c489980 (13 bytes)
1769571062.713499 sending message 112 to peer 0x55b55c489980 (10 bytes)
1769571062.713628 sending message 112 to peer 0x55b55c489980 (11 bytes)
1769571062.713750 sending message 112 to peer 0x55b55c489980 (12 bytes)
1769571062.713909 sending message 112 to peer 0x55b55c489980 (12 bytes)
1769571062.714060 sending message 112 to peer 0x55b55c489980 (12 bytes)
1769571062.714179 sending message 112 to peer 0x55b55c489980 (12 bytes)
1769571062.714334 sending message 112 to peer 0x55b55c489980 (12 bytes)
1769571062.714456 sending message 112 to peer 0x55b55c489980 (11 bytes)
1769571062.714624 sending message 112 to peer 0x55b55c489980 (12 bytes)
1769571062.714767 sending message 112 to peer 0x55b55c489980 (12 bytes)
1769571062.714942 sending message 112 to peer 0x55b55c489980 (13 bytes)
1769571062.715095 sending message 112 to peer 0x55b55c489980 (13 bytes)
1769571062.715274 sending message 112 to peer 0x55b55c489980 (13 bytes)
1769571062.715427 sending message 112 to peer 0x55b55c489980 (13 bytes)
1769571062.715572 sending message 112 to peer 0x55b55c489980 (13 bytes)
1769571062.715719 sending message 112 to peer 0x55b55c489980 (10 bytes)
1769571062.715863 sending message 112 to peer 0x55b55c489980 (9 bytes)
1769571062.716030 sending message 112 to peer 0x55b55c489980 (12 bytes)
1769571062.716188 sending message 112 to peer 0x55b55c489980 (13 bytes)
1769571062.716344 sending message 112 to peer 0x55b55c489980 (13 bytes)
1769571062.716535 sending message 112 to peer 0x55b55c489980 (13 bytes)
1769571062.716676 sending message 112 to peer 0x55b55c489980 (13 bytes)
1769571062.716849 sending message 112 to peer 0x55b55c489980 (13 bytes)
1769571062.717089 sending message 112 to peer 0x55b55c489980 (9 bytes)
1769571062.717349 sending message 112 to peer 0x55b55c489980 (12 bytes)
1769571062.717507 sending message 112 to peer 0x55b55c489980 (13 bytes)
1769571062.717696 sending message 112 to peer 0x55b55c489980 (13 bytes)
1769571062.717855 sending message 112 to peer 0x55b55c489980 (13 bytes)
1769571062.718037 sending message 112 to peer 0x55b55c489980 (13 bytes)
1769571062.718191 sending message 112 to peer 0x55b55c489980 (13 bytes)
1769571062.718427 sending message 112 to peer 0x55b55c489980 (11 bytes)
1769571062.718583 sending message 112 to peer 0x55b55c489980 (12 bytes)
1769571062.718759 sending message 112 to peer 0x55b55c489980 (13 bytes)
1769571062.718905 sending message 112 to peer 0x55b55c489980 (13 bytes)
1769571062.719044 sending message 112 to peer 0x55b55c489980 (13 bytes)
1769571062.719191 sending message 112 to peer 0x55b55c489980 (13 bytes)
1769571062.719347 sending message 112 to peer 0x55b55c489980 (13 bytes)
1769571062.719492 sending message 112 to peer 0x55b55c489980 (11 bytes)
1769571062.719638 sending message 112 to peer 0x55b55c489980 (12 bytes)
1769571062.719787 sending message 112 to peer 0x55b55c489980 (12 bytes)
1769571062.719934 sending message 112 to peer 0x55b55c489980 (12 bytes)
1769571062.720105 sending message 112 to peer 0x55b55c489980 (12 bytes)
1769571062.720226 sending message 112 to peer 0x55b55c489980 (12 bytes)
1769571062.720337 sending message 112 to peer 0x55b55c489980 (21 bytes)
1769571062.720461 sending message 112 to peer 0x55b55c489980 (12 bytes)
1769571062.720613 sending message 112 to peer 0x55b55c489980 (9 bytes)
1769571062.720749 sending message 112 to peer 0x55b55c489980 (6 bytes)
1769571062.720875 sending message 112 to peer 0x55b55c489980 (13 bytes)
1769571062.721006 sending message 112 to peer 0x55b55c489980 (10 bytes)
1769571062.721173 sending message 112 to peer 0x55b55c489980 (24 bytes)
1769571062.721300 sending message 112 to peer 0x55b55c489980 (13 bytes)
1769571062.721430 sending message 112 to peer 0x55b55c489980 (9 bytes)
1769571062.721557 sending message 112 to peer 0x55b55c489980 (70 bytes)
1769571062.721684 sending message 112 to peer 0x55b55c489980 (69 bytes)
1769571062.721840 sending message 112 to peer 0x55b55c489980 (12 bytes)
1769571062.721965 sending message 112 to peer 0x55b55c489980 (10 bytes)
1769571062.722096 sending message 112 to peer 0x55b55c489980 (10 bytes)
1769571062.722219 sending message 112 to peer 0x55b55c489980 (24 bytes)
1769571062.722364 sending message 112 to peer 0x55b55c489980 (13 bytes)
1769571062.722519 sending message 112 to peer 0x55b55c489980 (10 bytes)
1769571062.722641 sending message 112 to peer 0x55b55c489980 (10 bytes)
1769571062.722794 sending message 112 to peer 0x55b55c489980 (10 bytes)
1769571062.722930 sending message 112 to peer 0x55b55c489980 (13 bytes)
1769571062.723051 sending message 112 to peer 0x55b55c489980 (15 bytes)
1769571062.723189 sending message 112 to peer 0x55b55c489980 (5 bytes)
1769571062.723318 sending message 104 to peer 0x55b55c489980 (0 bytes)
1769571062.723449 sending message 110 to peer 0x55b55c489980 (0 bytes)
1769571062.723590 sending message 107 to peer 0x55b55c489980 (4 bytes)
1769571062.723721 sending message 105 to peer 0x55b55c489980 (16 bytes)
1769571062.723878 sending message 105 to peer 0x55b55c489980 (63 bytes)
1769571062.723995 sending message 105 to peer 0x55b55c489980 (24 bytes)
1769571062.724125 sending message 105 to peer 0x55b55c489980 (23 bytes)
1769571062.724263 sending message 105 to peer 0x55b55c489980 (10 bytes)
1769571062.724468 sending message 105 to peer 0x55b55c489980 (35 bytes)
1769571062.724593 sending message 105 to peer 0x55b55c489980 (16 bytes)
1769571062.724721 sending message 105 to peer 0x55b55c489980 (19 bytes)
1769571062.724857 sending message 105 to peer 0x55b55c489980 (13 bytes)
1769571062.725021 sending message 105 to peer 0x55b55c489980 (34 bytes)
1769571062.725399 sending message 105 to peer 0x55b55c489980 (1817 bytes)
1769571062.725567 sending message 105 to peer 0x55b55c489980 (26 bytes)
1769571062.725719 sending message 105 to peer 0x55b55c489980 (27 bytes)
1769571062.725872 sending message 105 to peer 0x55b55c489980 (34 bytes)
1769571062.726008 sending message 105 to peer 0x55b55c489980 (20 bytes)
1769571062.726133 sending message 105 to peer 0x55b55c489980 (32 bytes)
1769571062.726259 sending message 105 to peer 0x55b55c489980 (13 bytes)
1769571062.726395 sending message 105 to peer 0x55b55c489980 (11 bytes)
1769571062.726534 sending message 105 to peer 0x55b55c489980 (8 bytes)
1769571062.726679 sending message 105 to peer 0x55b55c489980 (14 bytes)
1769571062.726824 sending message 105 to peer 0x55b55c489980 (32 bytes)
1769571062.727091 sending message 105 to peer 0x55b55c489980 (8 bytes)
1769571062.727239 sending message 105 to peer 0x55b55c489980 (65 bytes)
1769571062.727430 sending message 105 to peer 0x55b55c489980 (1412 bytes)
1769571062.727585 sending message 105 to peer 0x55b55c489980 (54 bytes)
1769571062.727734 sending message 105 to peer 0x55b55c489980 (54 bytes)
1769571062.727885 sending message 105 to peer 0x55b55c489980 (16 bytes)
1769571062.728052 sending message 105 to peer 0x55b55c489980 (40 bytes)
1769571062.728239 sending message 105 to peer 0x55b55c489980 (26 bytes)
1769571062.728479 sending message 105 to peer 0x55b55c489980 (16 bytes)
1769571062.728658 sending message 106 to peer 0x55b55c489980 (0 bytes)
1769571062.728838 sending message 200 to peer 0x55b55c489980 (4 bytes)
1769571062.729015 client loop enter
1769571062.729219 client_signal: Child exited
1769571064.863514 peer 0x55b55c489980 message 207
1769571064.863645 sending message 208 to peer 0x55b55c489980 (0 bytes)
1769571079.612636 client_signal: Window changed
1769571079.612826 sending message 208 to peer 0x55b55c489980 (0 bytes)
1769571082.434077 client_signal: Window changed
1769571082.434270 sending message 208 to peer 0x55b55c489980 (0 bytes)
1769571082.464240 client_signal: Window changed
1769571082.464386 sending message 208 to peer 0x55b55c489980 (0 bytes)
1769571082.508911 client_signal: Window changed
1769571082.509056 sending message 208 to peer 0x55b55c489980 (0 bytes)
1769571082.545428 client_signal: Window changed
1769571082.545622 sending message 208 to peer 0x55b55c489980 (0 bytes)
1769571082.579089 client_signal: Window changed
1769571082.579283 sending message 208 to peer 0x55b55c489980 (0 bytes)
1769571082.613681 client_signal: Window changed
1769571082.613872 sending message 208 to peer 0x55b55c489980 (0 bytes)
1769571082.648212 client_signal: Window changed
1769571082.648409 sending message 208 to peer 0x55b55c489980 (0 bytes)
1769571117.735253 peer 0x55b55c489980 message 203
1769571117.735377 sending message 205 to peer 0x55b55c489980 (0 bytes)
1769571117.736434 peer 0x55b55c489980 message 204
1769571117.736553 client loop exit
